<?xml version="1.0" encoding="utf-8"?><testsuites name="pytest tests"><testsuite name="pytest" errors="0" failures="0" skipped="0" tests="31" time="7.720" timestamp="2026-02-02T01:35:09.285742+00:00" hostname="agent-env-6eb262d1-9e66-4241-b328-c9934d72641e"><testcase classname="backend.tests.test_api_endpoints.TestHealthAndBasicEndpoints" name="test_polls_endpoint_returns_200" time="0.071" /><testcase classname="backend.tests.test_api_endpoints.TestHealthAndBasicEndpoints" name="test_polls_endpoint_returns_paginated_response" time="0.038" /><testcase classname="backend.tests.test_api_endpoints.TestHealthAndBasicEndpoints" name="test_polls_pagination_page_2" time="0.082" /><testcase classname="backend.tests.test_api_endpoints.TestHealthAndBasicEndpoints" name="test_public_settings_endpoint" time="0.039" /><testcase classname="backend.tests.test_api_endpoints.TestUserAuthentication" name="test_user_login_success" time="0.260" /><testcase classname="backend.tests.test_api_endpoints.TestUserAuthentication" name="test_user_login_invalid_credentials" time="0.036" /><testcase classname="backend.tests.test_api_endpoints.TestUserAuthentication" name="test_get_me_without_token" time="0.040" /><testcase classname="backend.tests.test_api_endpoints.TestUserAuthentication" name="test_get_me_with_valid_token" time="0.304" /><testcase classname="backend.tests.test_api_endpoints.TestAdminAuthentication" name="test_admin_login_success" time="0.257" /><testcase classname="backend.tests.test_api_endpoints.TestAdminAuthentication" name="test_admin_login_with_user_credentials" time="0.260" /><testcase classname="backend.tests.test_api_endpoints.TestAdminAuthentication" name="test_user_login_with_admin_credentials" time="0.262" /><testcase classname="backend.tests.test_api_endpoints.TestAdminPaginatedEndpoints" name="test_admin_transactions_paginated" time="0.307" /><testcase classname="backend.tests.test_api_endpoints.TestAdminPaginatedEndpoints" name="test_admin_users_paginated" time="0.299" /><testcase classname="backend.tests.test_api_endpoints.TestAdminPaginatedEndpoints" name="test_admin_dashboard_stats" time="0.315" /><testcase classname="backend.tests.test_api_endpoints.TestAdminPaginatedEndpoints" name="test_admin_settings" time="0.297" /><testcase classname="backend.tests.test_api_endpoints.TestAdminPaginatedEndpoints" name="test_admin_kyc_requests" time="0.298" /><testcase classname="backend.tests.test_api_endpoints.TestAuthenticatedUserEndpoints" name="test_get_profile" time="0.304" /><testcase classname="backend.tests.test_api_endpoints.TestAuthenticatedUserEndpoints" name="test_get_wallet" time="0.303" /><testcase classname="backend.tests.test_api_endpoints.TestAuthenticatedUserEndpoints" name="test_get_my_polls" time="0.296" /><testcase classname="backend.tests.test_api_endpoints.TestAuthenticatedUserEndpoints" name="test_get_poll_details_authenticated" time="0.380" /><testcase classname="backend.tests.test_api_endpoints.TestPollDetailsEndpoint" name="test_poll_not_found" time="0.301" /><testcase classname="backend.tests.test_api_endpoints.TestPollDetailsEndpoint" name="test_poll_details_without_auth" time="0.070" /><testcase classname="backend.tests.test_coinbase_payments.TestCoinbasePaymentEndpoints" name="test_create_order_success" time="0.659" /><testcase classname="backend.tests.test_coinbase_payments.TestCoinbasePaymentEndpoints" name="test_create_order_without_auth" time="0.036" /><testcase classname="backend.tests.test_coinbase_payments.TestCoinbasePaymentEndpoints" name="test_create_order_invalid_poll" time="0.303" /><testcase classname="backend.tests.test_coinbase_payments.TestCoinbasePaymentEndpoints" name="test_verify_payment_order_not_found" time="0.298" /><testcase classname="backend.tests.test_coinbase_payments.TestCoinbasePaymentEndpoints" name="test_verify_payment_without_auth" time="0.039" /><testcase classname="backend.tests.test_coinbase_payments.TestCoinbasePaymentEndpoints" name="test_create_and_verify_payment_flow" time="0.788" /><testcase classname="backend.tests.test_coinbase_payments.TestCoinbasePaymentEndpoints" name="test_create_order_multiple_votes" time="0.595" /><testcase classname="backend.tests.test_coinbase_payments.TestWebhookEndpoint" name="test_webhook_without_signature" time="0.080" /><testcase classname="backend.tests.test_coinbase_payments.TestWebhookEndpoint" name="test_webhook_with_invalid_signature" time="0.034" /></testsuite></testsuites>