<?xml version="1.0" encoding="utf-8"?><testsuites name="pytest tests"><testsuite name="pytest" errors="0" failures="0" skipped="0" tests="22" time="5.030" timestamp="2026-01-26T01:03:29.504132+00:00" hostname="agent-env-73e8e412-4fe9-4608-9448-713cef246669"><testcase classname="tests.test_api_endpoints.TestHealthAndBasicEndpoints" name="test_polls_endpoint_returns_200" time="0.082" /><testcase classname="tests.test_api_endpoints.TestHealthAndBasicEndpoints" name="test_polls_endpoint_returns_paginated_response" time="0.041" /><testcase classname="tests.test_api_endpoints.TestHealthAndBasicEndpoints" name="test_polls_pagination_page_2" time="0.080" /><testcase classname="tests.test_api_endpoints.TestHealthAndBasicEndpoints" name="test_public_settings_endpoint" time="0.075" /><testcase classname="tests.test_api_endpoints.TestUserAuthentication" name="test_user_login_success" time="0.292" /><testcase classname="tests.test_api_endpoints.TestUserAuthentication" name="test_user_login_invalid_credentials" time="0.037" /><testcase classname="tests.test_api_endpoints.TestUserAuthentication" name="test_get_me_without_token" time="0.037" /><testcase classname="tests.test_api_endpoints.TestUserAuthentication" name="test_get_me_with_valid_token" time="0.298" /><testcase classname="tests.test_api_endpoints.TestAdminAuthentication" name="test_admin_login_success" time="0.266" /><testcase classname="tests.test_api_endpoints.TestAdminAuthentication" name="test_admin_login_with_user_credentials" time="0.258" /><testcase classname="tests.test_api_endpoints.TestAdminAuthentication" name="test_user_login_with_admin_credentials" time="0.255" /><testcase classname="tests.test_api_endpoints.TestAdminPaginatedEndpoints" name="test_admin_transactions_paginated" time="0.302" /><testcase classname="tests.test_api_endpoints.TestAdminPaginatedEndpoints" name="test_admin_users_paginated" time="0.299" /><testcase classname="tests.test_api_endpoints.TestAdminPaginatedEndpoints" name="test_admin_dashboard_stats" time="0.298" /><testcase classname="tests.test_api_endpoints.TestAdminPaginatedEndpoints" name="test_admin_settings" time="0.306" /><testcase classname="tests.test_api_endpoints.TestAdminPaginatedEndpoints" name="test_admin_kyc_requests" time="0.295" /><testcase classname="tests.test_api_endpoints.TestAuthenticatedUserEndpoints" name="test_get_profile" time="0.339" /><testcase classname="tests.test_api_endpoints.TestAuthenticatedUserEndpoints" name="test_get_wallet" time="0.364" /><testcase classname="tests.test_api_endpoints.TestAuthenticatedUserEndpoints" name="test_get_my_polls" time="0.296" /><testcase classname="tests.test_api_endpoints.TestAuthenticatedUserEndpoints" name="test_get_poll_details_authenticated" time="0.326" /><testcase classname="tests.test_api_endpoints.TestPollDetailsEndpoint" name="test_poll_not_found" time="0.292" /><testcase classname="tests.test_api_endpoints.TestPollDetailsEndpoint" name="test_poll_details_without_auth" time="0.069" /></testsuite></testsuites>